0 info it worked if it ends with ok
1 verbose cli [ 'node', '/usr/local/bin/npm', 'install' ]
2 info using npm@2.11.3
3 info using node@v0.12.7
4 verbose readDependencies loading dependencies from /home/cityscan/package.json
5 warn package.json climatescrape@1.0.0 No README data
6 verbose install where, deps [ '/home/cityscan',
6 verbose install   [ 'express',
6 verbose install     'promised-io',
6 verbose install     'winston',
6 verbose install     'winston-papertrail',
6 verbose install     'winston-syslog',
6 verbose install     'htmlstrip-native',
6 verbose install     'simplecrawler',
6 verbose install     'simplecrawler-queue-mongo',
6 verbose install     'mongoose',
6 verbose install     'unfluff',
6 verbose install     'async',
6 verbose install     'firebase',
6 verbose install     'mysql',
6 verbose install     'underscore',
6 verbose install     'grunt' ] ]
7 verbose install where, peers [ '/home/cityscan', [] ]
8 verbose installManyTop reading for lifecycle /home/cityscan/package.json
9 info preinstall climatescrape@1.0.0
10 verbose installManyTop reading scoped package data from /home/cityscan/node_modules/async/package.json
11 verbose installManyTop reading scoped package data from /home/cityscan/node_modules/express/package.json
12 verbose installManyTop reading scoped package data from /home/cityscan/node_modules/firebase/package.json
13 verbose installManyTop reading scoped package data from /home/cityscan/node_modules/grunt/package.json
14 verbose installManyTop reading scoped package data from /home/cityscan/node_modules/htmlstrip-native/package.json
15 verbose installManyTop reading scoped package data from /home/cityscan/node_modules/mongoose/package.json
16 verbose installManyTop reading scoped package data from /home/cityscan/node_modules/mysql/package.json
17 verbose installManyTop reading scoped package data from /home/cityscan/node_modules/promised-io/package.json
18 verbose installManyTop reading scoped package data from /home/cityscan/node_modules/simplecrawler/package.json
19 verbose installManyTop reading scoped package data from /home/cityscan/node_modules/simplecrawler-queue-mongo/package.json
20 verbose installManyTop reading scoped package data from /home/cityscan/node_modules/underscore/package.json
21 verbose installManyTop reading scoped package data from /home/cityscan/node_modules/unfluff/package.json
22 verbose installManyTop reading scoped package data from /home/cityscan/node_modules/winston/package.json
23 verbose installManyTop reading scoped package data from /home/cityscan/node_modules/winston-papertrail/package.json
24 info package.json firebase@2.2.9 No license field.
25 info package.json grunt@0.4.5 No license field.
26 info package.json promised-io@0.3.5 No license field.
27 info package.json htmlstrip-native@0.1.1 No license field.
28 info package.json unfluff@0.11.0 No license field.
29 info package.json simplecrawler-queue-mongo@0.1.8 license should be a valid SPDX license expression
30 info package.json simplecrawler@0.5.2 No license field.
31 info package.json winston-papertrail@1.0.1 No license field.
32 verbose readDependencies loading dependencies from /home/cityscan/package.json
33 verbose targetResolver reading package data from /home/cityscan/node_modules/async/package.json
34 verbose targetResolver reading package data from /home/cityscan/node_modules/express/package.json
35 verbose targetResolver reading package data from /home/cityscan/node_modules/firebase/package.json
36 verbose targetResolver reading package data from /home/cityscan/node_modules/grunt/package.json
37 verbose targetResolver reading package data from /home/cityscan/node_modules/htmlstrip-native/package.json
38 verbose targetResolver reading package data from /home/cityscan/node_modules/mongoose/package.json
39 verbose targetResolver reading package data from /home/cityscan/node_modules/mysql/package.json
40 verbose targetResolver reading package data from /home/cityscan/node_modules/promised-io/package.json
41 verbose targetResolver reading package data from /home/cityscan/node_modules/simplecrawler/package.json
42 verbose targetResolver reading package data from /home/cityscan/node_modules/simplecrawler-queue-mongo/package.json
43 verbose targetResolver reading package data from /home/cityscan/node_modules/underscore/package.json
44 verbose targetResolver reading package data from /home/cityscan/node_modules/unfluff/package.json
45 verbose targetResolver reading package data from /home/cityscan/node_modules/winston/package.json
46 verbose targetResolver reading package data from /home/cityscan/node_modules/winston-papertrail/package.json
47 verbose targetResolver reading package data from /home/cityscan/node_modules/.bin/crawl/package.json
48 verbose targetResolver reading package data from /home/cityscan/node_modules/.bin/unfluff/package.json
49 verbose already installed skipping mysql@2.8.0 /home/cityscan
50 verbose already installed skipping underscore@^1.8.3 /home/cityscan
51 verbose already installed skipping grunt@^0.4.5 /home/cityscan
52 verbose already installed skipping express@^4.12.4 /home/cityscan
53 verbose already installed skipping promised-io@^0.3.5 /home/cityscan
54 verbose already installed skipping winston@^1.0.1 /home/cityscan
55 verbose already installed skipping winston-papertrail@^1.0.1 /home/cityscan
56 silly cache add args [ 'winston-syslog@^1.1.1', null ]
57 verbose cache add spec winston-syslog@^1.1.1
58 silly cache add parsed spec { raw: 'winston-syslog@^1.1.1',
58 silly cache add   scope: null,
58 silly cache add   name: 'winston-syslog',
58 silly cache add   rawSpec: '^1.1.1',
58 silly cache add   spec: '>=1.1.1 <2.0.0',
58 silly cache add   type: 'range' }
59 silly addNamed winston-syslog@>=1.1.1 <2.0.0
60 verbose addNamed ">=1.1.1 <2.0.0" is a valid semver range for winston-syslog
61 silly addNameRange { name: 'winston-syslog',
61 silly addNameRange   range: '>=1.1.1 <2.0.0',
61 silly addNameRange   hasData: false }
62 silly mapToRegistry name winston-syslog
63 silly mapToRegistry using default registry
64 silly mapToRegistry registry https://registry.npmjs.org/
65 silly mapToRegistry uri https://registry.npmjs.org/winston-syslog
66 verbose addNameRange registry:https://registry.npmjs.org/winston-syslog not in flight; fetching
67 verbose already installed skipping htmlstrip-native@^0.1.1 /home/cityscan
68 verbose request uri https://registry.npmjs.org/winston-syslog
69 verbose request no auth needed
70 info attempt registry request try #1 at 5:18:05 PM
71 verbose request id e4121ec5d4ae2280
72 http request GET https://registry.npmjs.org/winston-syslog
73 verbose already installed skipping simplecrawler@^0.5.2 /home/cityscan
74 verbose already installed skipping simplecrawler-queue-mongo@^0.1.8 /home/cityscan
75 verbose already installed skipping mongoose@~4.1.1 /home/cityscan
76 verbose already installed skipping unfluff@^0.11.0 /home/cityscan
77 verbose already installed skipping async@1.2.1 /home/cityscan
78 verbose already installed skipping firebase@^2.2.7 /home/cityscan
79 http 200 https://registry.npmjs.org/winston-syslog
80 silly get cb [ 200,
80 silly get   { server: 'CouchDB/1.5.0 (Erlang OTP/R16B03)',
80 silly get     etag: '"ECS3C2WPFKNGQTR2S725APSTY"',
80 silly get     'content-type': 'application/json',
80 silly get     'cache-control': 'max-age=60',
80 silly get     'content-length': '17305',
80 silly get     'accept-ranges': 'bytes',
80 silly get     date: 'Fri, 04 Sep 2015 17:18:12 GMT',
80 silly get     via: '1.1 varnish',
80 silly get     age: '0',
80 silly get     connection: 'keep-alive',
80 silly get     'x-served-by': 'cache-ord1729-ORD',
80 silly get     'x-cache': 'MISS',
80 silly get     'x-cache-hits': '0',
80 silly get     'x-timer': 'S1441387092.888142,VS0,VE36',
80 silly get     vary: 'Accept' } ]
81 verbose get saving winston-syslog to /root/.npm/registry.npmjs.org/winston-syslog/.cache.json
82 verbose getCacheStat cache creation not in flight; initializing
83 silly makeCacheDir cache dir uid, gid [ 0, 0 ]
84 silly addNameRange number 2 { name: 'winston-syslog',
84 silly addNameRange   range: '>=1.1.1 <2.0.0',
84 silly addNameRange   hasData: true }
85 silly addNameRange versions [ 'winston-syslog',
85 silly addNameRange   [ '0.1.0',
85 silly addNameRange     '0.2.0',
85 silly addNameRange     '0.2.1',
85 silly addNameRange     '0.2.2',
85 silly addNameRange     '0.2.3',
85 silly addNameRange     '0.2.4',
85 silly addNameRange     '0.2.5',
85 silly addNameRange     '1.0.0',
85 silly addNameRange     '1.1.0',
85 silly addNameRange     '1.1.1' ] ]
86 silly addNamed winston-syslog@1.1.1
87 verbose addNamed "1.1.1" is a plain semver version for winston-syslog
88 silly mapToRegistry name winston-syslog
89 silly mapToRegistry using default registry
90 silly mapToRegistry registry https://registry.npmjs.org/
91 silly mapToRegistry uri https://registry.npmjs.org/winston-syslog
92 verbose addRemoteTarball https://registry.npmjs.org/winston-syslog/-/winston-syslog-1.1.1.tgz not in flight; adding
93 verbose addRemoteTarball [ 'https://registry.npmjs.org/winston-syslog/-/winston-syslog-1.1.1.tgz',
93 verbose addRemoteTarball   'b35060fb7ab098af5c3e510bbf8a19a4b4664701' ]
94 info retry fetch attempt 1 at 5:18:15 PM
95 info attempt registry request try #1 at 5:18:15 PM
96 http fetch GET https://registry.npmjs.org/winston-syslog/-/winston-syslog-1.1.1.tgz
97 http fetch 200 https://registry.npmjs.org/winston-syslog/-/winston-syslog-1.1.1.tgz
98 silly fetchAndShaCheck shasum b35060fb7ab098af5c3e510bbf8a19a4b4664701
99 verbose addTmpTarball /tmp/npm-48-2e71fa59/registry.npmjs.org/winston-syslog/-/winston-syslog-1.1.1.tgz not in flight; adding
100 verbose addTmpTarball already have metadata; skipping unpack for winston-syslog@1.1.1
101 silly cache afterAdd winston-syslog@1.1.1
102 verbose afterAdd /root/.npm/winston-syslog/1.1.1/package/package.json not in flight; writing
103 verbose afterAdd /root/.npm/winston-syslog/1.1.1/package/package.json written
104 silly install resolved [ { name: 'winston-syslog',
104 silly install resolved     description: 'A syslog transport for winston',
104 silly install resolved     version: '1.1.1',
104 silly install resolved     author: { name: 'Charlie Robbins', email: 'charlie.robbins@gmail.com' },
104 silly install resolved     contributors: [ [Object] ],
104 silly install resolved     repository:
104 silly install resolved      { type: 'git',
104 silly install resolved        url: 'http://github.com/indexzero/winston-syslog.git' },
104 silly install resolved     keywords: [ 'logging', 'sysadmin', 'tools', 'winston', 'syslog' ],
104 silly install resolved     dependencies: { cycle: '~1.0.3', glossy: '0.x.x', 'unix-dgram': '~0.2.1' },
104 silly install resolved     devDependencies: { stylezero: '~2.1.1', vows: '0.8.x', winston: '^0.9.0' },
104 silly install resolved     main: './lib/winston-syslog',
104 silly install resolved     scripts:
104 silly install resolved      { pretest: 'stylezero lib/ test/',
104 silly install resolved        test: 'sudo vows test/*-test.js --spec' },
104 silly install resolved     engines: { node: '>= 0.8.0' },
104 silly install resolved     gitHead: '5deae1d90bfccded747d42495ff35b279a870e73',
104 silly install resolved     bugs: { url: 'https://github.com/indexzero/winston-syslog/issues' },
104 silly install resolved     homepage: 'https://github.com/indexzero/winston-syslog',
104 silly install resolved     _id: 'winston-syslog@1.1.1',
104 silly install resolved     _shasum: 'b35060fb7ab098af5c3e510bbf8a19a4b4664701',
104 silly install resolved     _from: 'winston-syslog@>=1.1.1 <2.0.0',
104 silly install resolved     _npmVersion: '2.6.1',
104 silly install resolved     _nodeVersion: '0.10.40',
104 silly install resolved     _npmUser: { name: 'indexzero', email: 'charlie.robbins@gmail.com' },
104 silly install resolved     maintainers: [ [Object], [Object], [Object] ],
104 silly install resolved     dist:
104 silly install resolved      { shasum: 'b35060fb7ab098af5c3e510bbf8a19a4b4664701',
104 silly install resolved        tarball: 'http://registry.npmjs.org/winston-syslog/-/winston-syslog-1.1.1.tgz' },
104 silly install resolved     directories: {},
104 silly install resolved     _resolved: 'https://registry.npmjs.org/winston-syslog/-/winston-syslog-1.1.1.tgz' } ]
105 info install winston-syslog@1.1.1 into /home/cityscan
106 info installOne winston-syslog@1.1.1
107 verbose installOne of winston-syslog to /home/cityscan not in flight; installing
108 verbose lock using /root/.npm/_locks/winston-syslog-f661131c022698c6.lock for /home/cityscan/node_modules/winston-syslog
109 silly install write writing winston-syslog 1.1.1 to /home/cityscan/node_modules/winston-syslog
110 verbose unbuild node_modules/winston-syslog
111 silly gentlyRm /home/cityscan/node_modules/winston-syslog is being purged from base /home/cityscan
112 verbose gentlyRm don't care about contents; nuking /home/cityscan/node_modules/winston-syslog
113 verbose tar unpack /root/.npm/winston-syslog/1.1.1/package.tgz
114 verbose tar unpacking to /home/cityscan/node_modules/winston-syslog
115 silly gentlyRm /home/cityscan/node_modules/winston-syslog is being purged
116 verbose gentlyRm don't care about contents; nuking /home/cityscan/node_modules/winston-syslog
117 silly gunzTarPerm modes [ '755', '644' ]
118 silly gunzTarPerm extractEntry package.json
119 silly gunzTarPerm extractEntry .npmignore
120 silly gunzTarPerm extractEntry README.md
121 silly gunzTarPerm extractEntry .travis.yml
122 silly gunzTarPerm extractEntry lib/winston-syslog.js
123 silly gunzTarPerm extractEntry test/syslog-test.js
124 silly gunzTarPerm extractEntry test/unix-connect-test.js
125 verbose write writing to /home/cityscan/node_modules/winston-syslog/package.json
126 info preinstall winston-syslog@1.1.1
127 verbose readDependencies loading dependencies from /home/cityscan/node_modules/winston-syslog/package.json
128 silly prepareForInstallMany adding cycle@~1.0.3 from winston-syslog dependencies
129 silly prepareForInstallMany adding glossy@0.x.x from winston-syslog dependencies
130 silly prepareForInstallMany adding unix-dgram@~0.2.1 from winston-syslog dependencies
131 verbose readDependencies loading dependencies from /home/cityscan/node_modules/winston-syslog/package.json
132 silly cache add args [ 'cycle@~1.0.3', null ]
133 verbose cache add spec cycle@~1.0.3
134 silly cache add args [ 'glossy@0.x.x', null ]
135 verbose cache add spec glossy@0.x.x
136 silly cache add parsed spec { raw: 'cycle@~1.0.3',
136 silly cache add   scope: null,
136 silly cache add   name: 'cycle',
136 silly cache add   rawSpec: '~1.0.3',
136 silly cache add   spec: '>=1.0.3 <1.1.0',
136 silly cache add   type: 'range' }
137 silly addNamed cycle@>=1.0.3 <1.1.0
138 verbose addNamed ">=1.0.3 <1.1.0" is a valid semver range for cycle
139 silly addNameRange { name: 'cycle', range: '>=1.0.3 <1.1.0', hasData: false }
140 silly mapToRegistry name cycle
141 silly mapToRegistry using default registry
142 silly mapToRegistry registry https://registry.npmjs.org/
143 silly mapToRegistry uri https://registry.npmjs.org/cycle
144 verbose addNameRange registry:https://registry.npmjs.org/cycle not in flight; fetching
145 silly cache add parsed spec { raw: 'glossy@0.x.x',
145 silly cache add   scope: null,
145 silly cache add   name: 'glossy',
145 silly cache add   rawSpec: '0.x.x',
145 silly cache add   spec: '>=0.0.0 <1.0.0',
145 silly cache add   type: 'range' }
146 silly addNamed glossy@>=0.0.0 <1.0.0
147 verbose addNamed ">=0.0.0 <1.0.0" is a valid semver range for glossy
148 silly addNameRange { name: 'glossy', range: '>=0.0.0 <1.0.0', hasData: false }
149 silly mapToRegistry name glossy
150 silly mapToRegistry using default registry
151 silly mapToRegistry registry https://registry.npmjs.org/
152 silly mapToRegistry uri https://registry.npmjs.org/glossy
153 verbose addNameRange registry:https://registry.npmjs.org/glossy not in flight; fetching
154 silly cache add args [ 'unix-dgram@~0.2.1', null ]
155 verbose cache add spec unix-dgram@~0.2.1
156 silly cache add parsed spec { raw: 'unix-dgram@~0.2.1',
156 silly cache add   scope: null,
156 silly cache add   name: 'unix-dgram',
156 silly cache add   rawSpec: '~0.2.1',
156 silly cache add   spec: '>=0.2.1 <0.3.0',
156 silly cache add   type: 'range' }
157 silly addNamed unix-dgram@>=0.2.1 <0.3.0
158 verbose addNamed ">=0.2.1 <0.3.0" is a valid semver range for unix-dgram
159 silly addNameRange { name: 'unix-dgram', range: '>=0.2.1 <0.3.0', hasData: false }
160 silly mapToRegistry name unix-dgram
161 silly mapToRegistry using default registry
162 silly mapToRegistry registry https://registry.npmjs.org/
163 silly mapToRegistry uri https://registry.npmjs.org/unix-dgram
164 verbose addNameRange registry:https://registry.npmjs.org/unix-dgram not in flight; fetching
165 verbose request uri https://registry.npmjs.org/cycle
166 verbose request no auth needed
167 info attempt registry request try #1 at 5:18:24 PM
168 http request GET https://registry.npmjs.org/cycle
169 verbose request uri https://registry.npmjs.org/glossy
170 verbose request no auth needed
171 info attempt registry request try #1 at 5:18:24 PM
172 http request GET https://registry.npmjs.org/glossy
173 verbose request uri https://registry.npmjs.org/unix-dgram
174 verbose request no auth needed
175 info attempt registry request try #1 at 5:18:24 PM
176 http request GET https://registry.npmjs.org/unix-dgram
177 http 200 https://registry.npmjs.org/cycle
178 silly get cb [ 200,
178 silly get   { server: 'CouchDB/1.5.0 (Erlang OTP/R16B03)',
178 silly get     etag: '"EGL12AD9ZIJ4SNJJHS4KY6QOW"',
178 silly get     'content-type': 'application/json',
178 silly get     'cache-control': 'max-age=60',
178 silly get     'content-length': '7575',
178 silly get     'accept-ranges': 'bytes',
178 silly get     date: 'Fri, 04 Sep 2015 17:18:30 GMT',
178 silly get     via: '1.1 varnish',
178 silly get     age: '32',
178 silly get     connection: 'keep-alive',
178 silly get     'x-served-by': 'cache-ord1734-ORD',
178 silly get     'x-cache': 'HIT',
178 silly get     'x-cache-hits': '2',
178 silly get     'x-timer': 'S1441387110.126485,VS0,VE0',
178 silly get     vary: 'Accept' } ]
179 verbose get saving cycle to /root/.npm/registry.npmjs.org/cycle/.cache.json
180 silly addNameRange number 2 { name: 'cycle', range: '>=1.0.3 <1.1.0', hasData: true }
181 silly addNameRange versions [ 'cycle', [ '1.0.0', '1.0.1', '1.0.2', '1.0.3' ] ]
182 silly addNamed cycle@1.0.3
183 verbose addNamed "1.0.3" is a plain semver version for cycle
184 silly mapToRegistry name cycle
185 silly mapToRegistry using default registry
186 silly mapToRegistry registry https://registry.npmjs.org/
187 silly mapToRegistry uri https://registry.npmjs.org/cycle
188 verbose addRemoteTarball https://registry.npmjs.org/cycle/-/cycle-1.0.3.tgz not in flight; adding
189 verbose addRemoteTarball [ 'https://registry.npmjs.org/cycle/-/cycle-1.0.3.tgz',
189 verbose addRemoteTarball   '21e80b2be8580f98b468f379430662b046c34ad2' ]
190 info retry fetch attempt 1 at 5:18:32 PM
191 info attempt registry request try #1 at 5:18:32 PM
192 http fetch GET https://registry.npmjs.org/cycle/-/cycle-1.0.3.tgz
193 http 200 https://registry.npmjs.org/unix-dgram
194 silly get cb [ 200,
194 silly get   { server: 'CouchDB/1.5.0 (Erlang OTP/R16B03)',
194 silly get     etag: '"2FABIIB4IDHB83098X3AHIU7E"',
194 silly get     'content-type': 'application/json',
194 silly get     'cache-control': 'max-age=60',
194 silly get     'content-length': '16965',
194 silly get     'accept-ranges': 'bytes',
194 silly get     date: 'Fri, 04 Sep 2015 17:18:30 GMT',
194 silly get     via: '1.1 varnish',
194 silly get     age: '0',
194 silly get     connection: 'keep-alive',
194 silly get     'x-served-by': 'cache-ord1730-ORD',
194 silly get     'x-cache': 'HIT',
194 silly get     'x-cache-hits': '1',
194 silly get     'x-timer': 'S1441387110.755554,VS0,VE61',
194 silly get     vary: 'Accept' } ]
195 verbose get saving unix-dgram to /root/.npm/registry.npmjs.org/unix-dgram/.cache.json
196 silly addNameRange number 2 { name: 'unix-dgram', range: '>=0.2.1 <0.3.0', hasData: true }
197 silly addNameRange versions [ 'unix-dgram',
197 silly addNameRange   [ '0.0.1',
197 silly addNameRange     '0.0.2',
197 silly addNameRange     '0.0.3',
197 silly addNameRange     '0.0.4',
197 silly addNameRange     '0.0.5',
197 silly addNameRange     '0.0.6',
197 silly addNameRange     '0.1.1',
197 silly addNameRange     '0.1.2',
197 silly addNameRange     '0.2.0',
197 silly addNameRange     '0.2.1',
197 silly addNameRange     '0.2.2' ] ]
198 silly addNamed unix-dgram@0.2.2
199 verbose addNamed "0.2.2" is a plain semver version for unix-dgram
200 silly mapToRegistry name unix-dgram
201 silly mapToRegistry using default registry
202 silly mapToRegistry registry https://registry.npmjs.org/
203 silly mapToRegistry uri https://registry.npmjs.org/unix-dgram
204 verbose addRemoteTarball https://registry.npmjs.org/unix-dgram/-/unix-dgram-0.2.2.tgz not in flight; adding
205 verbose addRemoteTarball [ 'https://registry.npmjs.org/unix-dgram/-/unix-dgram-0.2.2.tgz',
205 verbose addRemoteTarball   '5d1503692c3fc0933fc169d09a65d0b8496642c2' ]
206 info retry fetch attempt 1 at 5:18:33 PM
207 info attempt registry request try #1 at 5:18:33 PM
208 http fetch GET https://registry.npmjs.org/unix-dgram/-/unix-dgram-0.2.2.tgz
209 http 200 https://registry.npmjs.org/glossy
210 silly get cb [ 200,
210 silly get   { server: 'CouchDB/1.5.0 (Erlang OTP/R16B03)',
210 silly get     etag: '"1K3EPIL8SN8Q1RGJNW4K9FSQV"',
210 silly get     'content-type': 'application/json',
210 silly get     'cache-control': 'max-age=60',
210 silly get     'content-length': '22287',
210 silly get     'accept-ranges': 'bytes',
210 silly get     date: 'Fri, 04 Sep 2015 17:18:30 GMT',
210 silly get     via: '1.1 varnish',
210 silly get     age: '0',
210 silly get     connection: 'keep-alive',
210 silly get     'x-served-by': 'cache-ord1728-ORD',
210 silly get     'x-cache': 'HIT',
210 silly get     'x-cache-hits': '1',
210 silly get     'x-timer': 'S1441387110.780201,VS0,VE73',
210 silly get     vary: 'Accept' } ]
211 verbose get saving glossy to /root/.npm/registry.npmjs.org/glossy/.cache.json
212 silly addNameRange number 2 { name: 'glossy', range: '>=0.0.0 <1.0.0', hasData: true }
213 silly addNameRange versions [ 'glossy',
213 silly addNameRange   [ '0.0.1',
213 silly addNameRange     '0.0.2',
213 silly addNameRange     '0.0.3',
213 silly addNameRange     '0.0.4',
213 silly addNameRange     '0.0.5',
213 silly addNameRange     '0.0.6',
213 silly addNameRange     '0.0.7',
213 silly addNameRange     '0.0.8',
213 silly addNameRange     '0.0.9',
213 silly addNameRange     '0.1.0',
213 silly addNameRange     '0.1.1',
213 silly addNameRange     '0.1.2',
213 silly addNameRange     '0.1.3',
213 silly addNameRange     '0.1.4',
213 silly addNameRange     '0.1.5',
213 silly addNameRange     '0.1.6',
213 silly addNameRange     '0.1.7' ] ]
214 silly addNamed glossy@0.1.7
215 verbose addNamed "0.1.7" is a plain semver version for glossy
216 silly mapToRegistry name glossy
217 silly mapToRegistry using default registry
218 silly mapToRegistry registry https://registry.npmjs.org/
219 silly mapToRegistry uri https://registry.npmjs.org/glossy
220 verbose addRemoteTarball https://registry.npmjs.org/glossy/-/glossy-0.1.7.tgz not in flight; adding
221 verbose addRemoteTarball [ 'https://registry.npmjs.org/glossy/-/glossy-0.1.7.tgz',
221 verbose addRemoteTarball   '769b5984a96f6066ab9ea758224825ee6c210f0b' ]
222 info retry fetch attempt 1 at 5:18:35 PM
223 info attempt registry request try #1 at 5:18:35 PM
224 http fetch GET https://registry.npmjs.org/glossy/-/glossy-0.1.7.tgz
225 http fetch 200 https://registry.npmjs.org/cycle/-/cycle-1.0.3.tgz
226 silly fetchAndShaCheck shasum 21e80b2be8580f98b468f379430662b046c34ad2
227 verbose addTmpTarball /tmp/npm-48-2e71fa59/registry.npmjs.org/cycle/-/cycle-1.0.3.tgz not in flight; adding
228 verbose addTmpTarball already have metadata; skipping unpack for cycle@1.0.3
229 silly cache afterAdd cycle@1.0.3
230 verbose afterAdd /root/.npm/cycle/1.0.3/package/package.json not in flight; writing
231 verbose afterAdd /root/.npm/cycle/1.0.3/package/package.json written
232 http fetch 200 https://registry.npmjs.org/unix-dgram/-/unix-dgram-0.2.2.tgz
233 http fetch 200 https://registry.npmjs.org/glossy/-/glossy-0.1.7.tgz
234 silly fetchAndShaCheck shasum 5d1503692c3fc0933fc169d09a65d0b8496642c2
235 verbose addTmpTarball /tmp/npm-48-2e71fa59/registry.npmjs.org/unix-dgram/-/unix-dgram-0.2.2.tgz not in flight; adding
236 verbose addTmpTarball already have metadata; skipping unpack for unix-dgram@0.2.2
237 silly fetchAndShaCheck shasum 769b5984a96f6066ab9ea758224825ee6c210f0b
238 verbose addTmpTarball /tmp/npm-48-2e71fa59/registry.npmjs.org/glossy/-/glossy-0.1.7.tgz not in flight; adding
239 verbose addTmpTarball already have metadata; skipping unpack for glossy@0.1.7
240 silly cache afterAdd unix-dgram@0.2.2
241 verbose afterAdd /root/.npm/unix-dgram/0.2.2/package/package.json not in flight; writing
242 verbose afterAdd /root/.npm/unix-dgram/0.2.2/package/package.json written
243 silly cache afterAdd glossy@0.1.7
244 verbose afterAdd /root/.npm/glossy/0.1.7/package/package.json not in flight; writing
245 verbose afterAdd /root/.npm/glossy/0.1.7/package/package.json written
246 silly install resolved [ { name: 'cycle',
246 silly install resolved     description: 'decycle your json',
246 silly install resolved     author: '',
246 silly install resolved     version: '1.0.3',
246 silly install resolved     main: './cycle.js',
246 silly install resolved     homepage: 'https://github.com/douglascrockford/JSON-js',
246 silly install resolved     repository: { type: 'git', url: 'http://github.com/dscape/cycle.git' },
246 silly install resolved     bugs: { url: 'http://github.com/douglascrockford/JSON-js/issues' },
246 silly install resolved     keywords: [ 'json', 'cycle', 'stringify', 'parse' ],
246 silly install resolved     engines: { node: '>=0.4.0' },
246 silly install resolved     readme: 'Fork of https://github.com/douglascrockford/JSON-js, maintained in npm as `cycle`.\n\n# Contributors\n\n* Douglas Crockford\n* Nuno Job\n* Justin Warkentin\n\n# JSON in JavaScript\n\nDouglas Crockford\ndouglas@crockford.com\n\n2010-11-18\n\n\nJSON is a light-weight, language independent, data interchange format.\nSee http://www.JSON.org/\n\nThe files in this collection implement JSON encoders/decoders in JavaScript.\n\nJSON became a built-in feature of JavaScript when the ECMAScript Programming\nLanguage Standard - Fifth Edition was adopted by the ECMA General Assembly\nin December 2009. Most of the files in this collection are for applications\nthat are expected to run in obsolete web browsers. For most purposes, json2.js\nis the best choice.\n\n\njson2.js: This file creates a JSON property in the global object, if there\nisn\'t already one, setting its value to an object containing a stringify\nmethod and a parse method. The parse method uses the eval method to do the\nparsing, guarding it with several regular expressions to defend against\naccidental code execution hazards. On current browsers, this file does nothing,\nprefering the built-in JSON object.\n\njson.js: This file does everything that json2.js does. It also adds a\ntoJSONString method and a parseJSON method to Object.prototype. Use of this\nfile is not recommended.\n\njson_parse.js: This file contains an alternative JSON parse function that\nuses recursive descent instead of eval.\n\njson_parse_state.js: This files contains an alternative JSON parse function that\nuses a state machine instead of eval.\n\ncycle.js: This file contains two functions, JSON.decycle and JSON.retrocycle,\nwhich make it possible to encode cyclical structures and dags in JSON, and to\nthen recover them. JSONPath is used to represent the links.\nhttp://GOESSNER.net/articles/JsonPath/\n',
246 silly install resolved     readmeFilename: 'README.md',
246 silly install resolved     _id: 'cycle@1.0.3',
246 silly install resolved     dist:
246 silly install resolved      { shasum: '21e80b2be8580f98b468f379430662b046c34ad2',
246 silly install resolved        tarball: 'http://registry.npmjs.org/cycle/-/cycle-1.0.3.tgz' },
246 silly install resolved     _from: 'cycle@>=1.0.3 <1.1.0',
246 silly install resolved     _npmVersion: '1.2.32',
246 silly install resolved     _npmUser: { name: 'dscape', email: 'nunojobpinto@gmail.com' },
246 silly install resolved     maintainers: [ [Object] ],
246 silly install resolved     directories: {},
246 silly install resolved     _shasum: '21e80b2be8580f98b468f379430662b046c34ad2',
246 silly install resolved     _resolved: 'https://registry.npmjs.org/cycle/-/cycle-1.0.3.tgz' },
246 silly install resolved   { author:
246 silly install resolved      { name: 'Ben Noordhuis',
246 silly install resolved        email: 'info@bnoordhuis.nl',
246 silly install resolved        url: 'http://bnoordhuis.nl/' },
246 silly install resolved     name: 'unix-dgram',
246 silly install resolved     version: '0.2.2',
246 silly install resolved     description: 'Unix datagram socket',
246 silly install resolved     main: 'lib/unix_dgram',
246 silly install resolved     homepage: 'https://github.com/bnoordhuis/node-unix-dgram',
246 silly install resolved     license:
246 silly install resolved      { type: 'ISC',
246 silly install resolved        url: 'https://github.com/bnoordhuis/node-unix-dgram/LICENSE' },
246 silly install resolved     repository:
246 silly install resolved      { type: 'git',
246 silly install resolved        url: 'git://github.com/bnoordhuis/node-unix-dgram.git' },
246 silly install resolved     engines: { node: '>=0.7.9' },
246 silly install resolved     dependencies: { bindings: '~1.1.1', nan: '~2.0.8' },
246 silly install resolved     devDependencies: {},
246 silly install resolved     optionalDependencies: {},
246 silly install resolved     scripts:
246 silly install resolved      { test: 'node test/test-dgram-unix.js && node test/test-connect.js',
246 silly install resolved        install: 'node-gyp rebuild' },
246 silly install resolved     gypfile: true,
246 silly install resolved     gitHead: '6da37dd0937ba13dc017ffd02cc26c554112682f',
246 silly install resolved     bugs: { url: 'https://github.com/bnoordhuis/node-unix-dgram/issues' },
246 silly install resolved     _id: 'unix-dgram@0.2.2',
246 silly install resolved     _shasum: '5d1503692c3fc0933fc169d09a65d0b8496642c2',
246 silly install resolved     _from: 'unix-dgram@>=0.2.1 <0.3.0',
246 silly install resolved     _npmVersion: '2.13.3',
246 silly install resolved     _nodeVersion: '3.2.0',
246 silly install resolved     _npmUser: { name: 'sgimeno', email: 'santiago.gimeno@gmail.com' },
246 silly install resolved     maintainers: [ [Object], [Object], [Object] ],
246 silly install resolved     dist:
246 silly install resolved      { shasum: '5d1503692c3fc0933fc169d09a65d0b8496642c2',
246 silly install resolved        tarball: 'http://registry.npmjs.org/unix-dgram/-/unix-dgram-0.2.2.tgz' },
246 silly install resolved     directories: {},
246 silly install resolved     _resolved: 'https://registry.npmjs.org/unix-dgram/-/unix-dgram-0.2.2.tgz' },
246 silly install resolved   { name: 'glossy',
246 silly install resolved     version: '0.1.7',
246 silly install resolved     description: 'Syslog parser and producer',
246 silly install resolved     keywords: [ 'syslog', 'logging' ],
246 silly install resolved     url: 'http://github.com/squeeks/glossy',
246 silly install resolved     main: './index.js',
246 silly install resolved     author: { name: 'Squeeks', email: 'privacymyass@gmail.com' },
246 silly install resolved     maintainers: [ [Object] ],
246 silly install resolved     contributors:
246 silly install resolved      [ [Object],
246 silly install resolved        [Object],
246 silly install resolved        [Object],
246 silly install resolved        [Object],
246 silly install resolved        [Object],
246 silly install resolved        [Object],
246 silly install resolved        [Object],
246 silly install resolved        [Object] ],
246 silly install resolved     directories: { lib: './lib', test: './test' },
246 silly install resolved     scripts: { test: 'node test/runner.js' },
246 silly install resolved     repository: { type: 'git', url: 'http://github.com/squeeks/glossy.git' },
246 silly install resolved     bugs: { url: 'http://github.com/squeeks/glossy/issues' },
246 silly install resolved     licenses: [ [Object] ],
246 silly install resolved     engines: { node: '>= 0.2.5' },
246 silly install resolved     gitHead: 'fb441207f6e760e2b3124649a14c9b18cfe0ff89',
246 silly install resolved     homepage: 'https://github.com/squeeks/glossy',
246 silly install resolved     _id: 'glossy@0.1.7',
246 silly install resolved     _shasum: '769b5984a96f6066ab9ea758224825ee6c210f0b',
246 silly install resolved     _from: 'glossy@>=0.0.0 <1.0.0',
246 silly install resolved     _npmVersion: '2.1.6',
246 silly install resolved     _nodeVersion: '0.10.33',
246 silly install resolved     _npmUser: { name: 'squeeks', email: 'privacymyass@gmail.com' },
246 silly install resolved     dist:
246 silly install resolved      { shasum: '769b5984a96f6066ab9ea758224825ee6c210f0b',
246 silly install resolved        tarball: 'http://registry.npmjs.org/glossy/-/glossy-0.1.7.tgz' },
246 silly install resolved     _resolved: 'https://registry.npmjs.org/glossy/-/glossy-0.1.7.tgz' } ]
247 info install cycle@1.0.3 into /home/cityscan/node_modules/winston-syslog
248 info install unix-dgram@0.2.2 into /home/cityscan/node_modules/winston-syslog
249 info install glossy@0.1.7 into /home/cityscan/node_modules/winston-syslog
250 info installOne cycle@1.0.3
251 verbose installOne of cycle to /home/cityscan/node_modules/winston-syslog not in flight; installing
252 info installOne unix-dgram@0.2.2
253 verbose installOne of unix-dgram to /home/cityscan/node_modules/winston-syslog not in flight; installing
254 info installOne glossy@0.1.7
255 verbose installOne of glossy to /home/cityscan/node_modules/winston-syslog not in flight; installing
256 verbose lock using /root/.npm/_locks/cycle-cf3fc01f81402bad.lock for /home/cityscan/node_modules/winston-syslog/node_modules/cycle
257 verbose lock using /root/.npm/_locks/unix-dgram-e3225225609a5a79.lock for /home/cityscan/node_modules/winston-syslog/node_modules/unix-dgram
258 verbose lock using /root/.npm/_locks/glossy-c1e5e1991c86ab75.lock for /home/cityscan/node_modules/winston-syslog/node_modules/glossy
259 silly install write writing cycle 1.0.3 to /home/cityscan/node_modules/winston-syslog/node_modules/cycle
260 silly install write writing unix-dgram 0.2.2 to /home/cityscan/node_modules/winston-syslog/node_modules/unix-dgram
261 silly install write writing glossy 0.1.7 to /home/cityscan/node_modules/winston-syslog/node_modules/glossy
262 verbose unbuild node_modules/winston-syslog/node_modules/cycle
263 verbose unbuild node_modules/winston-syslog/node_modules/unix-dgram
264 verbose unbuild node_modules/winston-syslog/node_modules/glossy
265 silly gentlyRm /home/cityscan/node_modules/winston-syslog/node_modules/cycle is being purged from base /home/cityscan
266 verbose gentlyRm don't care about contents; nuking /home/cityscan/node_modules/winston-syslog/node_modules/cycle
267 silly gentlyRm /home/cityscan/node_modules/winston-syslog/node_modules/unix-dgram is being purged from base /home/cityscan
268 verbose gentlyRm don't care about contents; nuking /home/cityscan/node_modules/winston-syslog/node_modules/unix-dgram
269 silly gentlyRm /home/cityscan/node_modules/winston-syslog/node_modules/glossy is being purged from base /home/cityscan
270 verbose gentlyRm don't care about contents; nuking /home/cityscan/node_modules/winston-syslog/node_modules/glossy
271 verbose tar unpack /root/.npm/cycle/1.0.3/package.tgz
272 verbose tar unpacking to /home/cityscan/node_modules/winston-syslog/node_modules/cycle
273 silly gentlyRm /home/cityscan/node_modules/winston-syslog/node_modules/cycle is being purged
274 verbose gentlyRm don't care about contents; nuking /home/cityscan/node_modules/winston-syslog/node_modules/cycle
275 verbose tar unpack /root/.npm/unix-dgram/0.2.2/package.tgz
276 verbose tar unpacking to /home/cityscan/node_modules/winston-syslog/node_modules/unix-dgram
277 silly gentlyRm /home/cityscan/node_modules/winston-syslog/node_modules/unix-dgram is being purged
278 verbose gentlyRm don't care about contents; nuking /home/cityscan/node_modules/winston-syslog/node_modules/unix-dgram
279 verbose tar unpack /root/.npm/glossy/0.1.7/package.tgz
280 verbose tar unpacking to /home/cityscan/node_modules/winston-syslog/node_modules/glossy
281 silly gentlyRm /home/cityscan/node_modules/winston-syslog/node_modules/glossy is being purged
282 verbose gentlyRm don't care about contents; nuking /home/cityscan/node_modules/winston-syslog/node_modules/glossy
283 silly gunzTarPerm modes [ '755', '644' ]
284 silly gunzTarPerm modes [ '755', '644' ]
285 silly gunzTarPerm modes [ '755', '644' ]
286 silly gunzTarPerm extractEntry package.json
287 silly gunzTarPerm extractEntry package.json
288 silly gunzTarPerm extractEntry package.json
289 silly gunzTarPerm extractEntry README.md
290 silly gunzTarPerm extractEntry cycle.js
291 silly gunzTarPerm extractEntry .npmignore
292 silly gunzTarPerm extractEntry README.md
293 silly gunzTarPerm extractEntry README.md
294 silly gunzTarPerm extractEntry LICENSE
295 silly gunzTarPerm extractEntry LICENSE
296 silly gunzTarPerm extractEntry binding.gyp
297 silly gunzTarPerm extractEntry index.js
298 silly gunzTarPerm extractEntry lib/glossy/parse.js
299 silly gunzTarPerm extractEntry lib/unix_dgram.js
300 silly gunzTarPerm extractEntry src/unix_dgram.cc
301 silly gunzTarPerm extractEntry lib/glossy/produce.js
302 silly gunzTarPerm extractEntry test/test-connect.js
303 silly gunzTarPerm extractEntry test/decide.js
304 silly gunzTarPerm extractEntry test/decode_pri.js
305 silly gunzTarPerm extractEntry test/test-dgram-unix.js
306 verbose write writing to /home/cityscan/node_modules/winston-syslog/node_modules/cycle/package.json
307 silly gunzTarPerm extractEntry test/parse_3164.js
308 silly gunzTarPerm extractEntry test/parse_5424.js
309 silly gunzTarPerm extractEntry test/parse_5848.js
310 info preinstall cycle@1.0.3
311 verbose readDependencies loading dependencies from /home/cityscan/node_modules/winston-syslog/node_modules/cycle/package.json
312 verbose readDependencies loading dependencies from /home/cityscan/node_modules/winston-syslog/node_modules/cycle/package.json
313 silly gunzTarPerm extractEntry test/parse_8601.js
314 silly install resolved []
315 verbose about to build /home/cityscan/node_modules/winston-syslog/node_modules/cycle
316 info build /home/cityscan/node_modules/winston-syslog/node_modules/cycle
317 info linkStuff cycle@1.0.3
318 silly linkStuff cycle@1.0.3 has /home/cityscan/node_modules/winston-syslog/node_modules as its parent node_modules
319 verbose linkBins cycle@1.0.3
320 verbose linkMans cycle@1.0.3
321 verbose rebuildBundles cycle@1.0.3
322 silly gunzTarPerm extractEntry test/parse_rfc3339.js
323 silly gunzTarPerm extractEntry test/produce.js
324 info install cycle@1.0.3
325 info postinstall cycle@1.0.3
326 verbose unlock done using /root/.npm/_locks/cycle-cf3fc01f81402bad.lock for /home/cityscan/node_modules/winston-syslog/node_modules/cycle
327 silly gunzTarPerm extractEntry test/runner.js
328 silly gunzTarPerm extractEntry test/structure_data.js
329 verbose write writing to /home/cityscan/node_modules/winston-syslog/node_modules/unix-dgram/package.json
330 info preinstall unix-dgram@0.2.2
331 verbose readDependencies loading dependencies from /home/cityscan/node_modules/winston-syslog/node_modules/unix-dgram/package.json
332 silly prepareForInstallMany adding bindings@~1.1.1 from unix-dgram dependencies
333 silly prepareForInstallMany adding nan@~2.0.8 from unix-dgram dependencies
334 verbose readDependencies loading dependencies from /home/cityscan/node_modules/winston-syslog/node_modules/unix-dgram/package.json
335 silly cache add args [ 'bindings@~1.1.1', null ]
336 verbose cache add spec bindings@~1.1.1
337 silly cache add args [ 'nan@~2.0.8', null ]
338 verbose cache add spec nan@~2.0.8
339 silly cache add parsed spec { raw: 'bindings@~1.1.1',
339 silly cache add   scope: null,
339 silly cache add   name: 'bindings',
339 silly cache add   rawSpec: '~1.1.1',
339 silly cache add   spec: '>=1.1.1 <1.2.0',
339 silly cache add   type: 'range' }
340 silly addNamed bindings@>=1.1.1 <1.2.0
341 verbose addNamed ">=1.1.1 <1.2.0" is a valid semver range for bindings
342 silly addNameRange { name: 'bindings', range: '>=1.1.1 <1.2.0', hasData: false }
343 silly mapToRegistry name bindings
344 silly mapToRegistry using default registry
345 silly mapToRegistry registry https://registry.npmjs.org/
346 silly mapToRegistry uri https://registry.npmjs.org/bindings
347 verbose addNameRange registry:https://registry.npmjs.org/bindings not in flight; fetching
348 silly cache add parsed spec { raw: 'nan@~2.0.8',
348 silly cache add   scope: null,
348 silly cache add   name: 'nan',
348 silly cache add   rawSpec: '~2.0.8',
348 silly cache add   spec: '>=2.0.8 <2.1.0',
348 silly cache add   type: 'range' }
349 silly addNamed nan@>=2.0.8 <2.1.0
350 verbose addNamed ">=2.0.8 <2.1.0" is a valid semver range for nan
351 silly addNameRange { name: 'nan', range: '>=2.0.8 <2.1.0', hasData: false }
352 silly mapToRegistry name nan
353 silly mapToRegistry using default registry
354 silly mapToRegistry registry https://registry.npmjs.org/
355 silly mapToRegistry uri https://registry.npmjs.org/nan
356 verbose addNameRange registry:https://registry.npmjs.org/nan not in flight; fetching
357 verbose request uri https://registry.npmjs.org/bindings
358 verbose request no auth needed
359 info attempt registry request try #1 at 5:18:41 PM
360 http request GET https://registry.npmjs.org/bindings
361 verbose request uri https://registry.npmjs.org/nan
362 verbose request no auth needed
363 info attempt registry request try #1 at 5:18:41 PM
364 http request GET https://registry.npmjs.org/nan
365 verbose write writing to /home/cityscan/node_modules/winston-syslog/node_modules/glossy/package.json
366 info preinstall glossy@0.1.7
367 verbose readDependencies loading dependencies from /home/cityscan/node_modules/winston-syslog/node_modules/glossy/package.json
368 verbose readDependencies loading dependencies from /home/cityscan/node_modules/winston-syslog/node_modules/glossy/package.json
369 silly install resolved []
370 verbose about to build /home/cityscan/node_modules/winston-syslog/node_modules/glossy
371 info build /home/cityscan/node_modules/winston-syslog/node_modules/glossy
372 info linkStuff glossy@0.1.7
373 silly linkStuff glossy@0.1.7 has /home/cityscan/node_modules/winston-syslog/node_modules as its parent node_modules
374 verbose linkBins glossy@0.1.7
375 verbose linkMans glossy@0.1.7
376 verbose rebuildBundles glossy@0.1.7
377 info install glossy@0.1.7
378 info postinstall glossy@0.1.7
379 verbose unlock done using /root/.npm/_locks/glossy-c1e5e1991c86ab75.lock for /home/cityscan/node_modules/winston-syslog/node_modules/glossy
380 http 200 https://registry.npmjs.org/bindings
381 silly get cb [ 200,
381 silly get   { server: 'CouchDB/1.5.0 (Erlang OTP/R16B03)',
381 silly get     etag: '"C703GY7AAJXUO0UMZR0WSP7SV"',
381 silly get     'content-type': 'application/json',
381 silly get     'cache-control': 'max-age=60',
381 silly get     'content-length': '17991',
381 silly get     'accept-ranges': 'bytes',
381 silly get     date: 'Fri, 04 Sep 2015 17:18:46 GMT',
381 silly get     via: '1.1 varnish',
381 silly get     age: '15',
381 silly get     connection: 'keep-alive',
381 silly get     'x-served-by': 'cache-ord1728-ORD',
381 silly get     'x-cache': 'HIT',
381 silly get     'x-cache-hits': '1',
381 silly get     'x-timer': 'S1441387126.133004,VS0,VE0',
381 silly get     vary: 'Accept' } ]
382 verbose get saving bindings to /root/.npm/registry.npmjs.org/bindings/.cache.json
383 silly addNameRange number 2 { name: 'bindings', range: '>=1.1.1 <1.2.0', hasData: true }
384 silly addNameRange versions [ 'bindings',
384 silly addNameRange   [ '0.0.1',
384 silly addNameRange     '0.1.0',
384 silly addNameRange     '0.1.1',
384 silly addNameRange     '0.2.0',
384 silly addNameRange     '0.2.1',
384 silly addNameRange     '0.2.2',
384 silly addNameRange     '0.2.3',
384 silly addNameRange     '0.2.4',
384 silly addNameRange     '0.3.0',
384 silly addNameRange     '0.4.0',
384 silly addNameRange     '1.0.0',
384 silly addNameRange     '1.1.0',
384 silly addNameRange     '1.1.1',
384 silly addNameRange     '1.2.0',
384 silly addNameRange     '1.2.1' ] ]
385 silly addNamed bindings@1.1.1
386 verbose addNamed "1.1.1" is a plain semver version for bindings
387 silly mapToRegistry name bindings
388 silly mapToRegistry using default registry
389 silly mapToRegistry registry https://registry.npmjs.org/
390 silly mapToRegistry uri https://registry.npmjs.org/bindings
391 verbose addRemoteTarball https://registry.npmjs.org/bindings/-/bindings-1.1.1.tgz not in flight; adding
392 verbose addRemoteTarball [ 'https://registry.npmjs.org/bindings/-/bindings-1.1.1.tgz',
392 verbose addRemoteTarball   '951f7ae010302ffc50b265b124032017ed2bf6f3' ]
393 info retry fetch attempt 1 at 5:18:48 PM
394 info attempt registry request try #1 at 5:18:48 PM
395 http fetch GET https://registry.npmjs.org/bindings/-/bindings-1.1.1.tgz
396 http 200 https://registry.npmjs.org/nan
397 silly get cb [ 200,
397 silly get   { server: 'CouchDB/1.5.0 (Erlang OTP/R16B03)',
397 silly get     etag: '"9NBRJS9FUTSYWL0Z7O1C3BM8C"',
397 silly get     'content-type': 'application/json',
397 silly get     'cache-control': 'max-age=60',
397 silly get     'content-length': '95949',
397 silly get     'accept-ranges': 'bytes',
397 silly get     date: 'Fri, 04 Sep 2015 17:18:46 GMT',
397 silly get     via: '1.1 varnish',
397 silly get     age: '46',
397 silly get     connection: 'keep-alive',
397 silly get     'x-served-by': 'cache-ord1726-ORD',
397 silly get     'x-cache': 'HIT',
397 silly get     'x-cache-hits': '2',
397 silly get     'x-timer': 'S1441387126.514238,VS0,VE0',
397 silly get     vary: 'Accept' } ]
398 verbose get saving nan to /root/.npm/registry.npmjs.org/nan/.cache.json
399 silly addNameRange number 2 { name: 'nan', range: '>=2.0.8 <2.1.0', hasData: true }
400 silly addNameRange versions [ 'nan',
400 silly addNameRange   [ '0.3.0-wip',
400 silly addNameRange     '0.3.0-wip2',
400 silly addNameRange     '0.3.0',
400 silly addNameRange     '0.3.1',
400 silly addNameRange     '0.3.2',
400 silly addNameRange     '0.4.0',
400 silly addNameRange     '0.4.1',
400 silly addNameRange     '0.4.2',
400 silly addNameRange     '0.4.3',
400 silly addNameRange     '0.4.4',
400 silly addNameRange     '0.5.0',
400 silly addNameRange     '0.5.1',
400 silly addNameRange     '0.5.2',
400 silly addNameRange     '0.6.0',
400 silly addNameRange     '0.7.0',
400 silly addNameRange     '0.7.1',
400 silly addNameRange     '0.8.0',
400 silly addNameRange     '1.0.0',
400 silly addNameRange     '1.1.0',
400 silly addNameRange     '1.1.1',
400 silly addNameRange     '1.1.2',
400 silly addNameRange     '1.2.0',
400 silly addNameRange     '1.3.0',
400 silly addNameRange     '1.4.0',
400 silly addNameRange     '1.4.1',
400 silly addNameRange     '1.5.0',
400 silly addNameRange     '1.4.2',
400 silly addNameRange     '1.4.3',
400 silly addNameRange     '1.5.1',
400 silly addNameRange     '1.5.2',
400 silly addNameRange     '1.6.0',
400 silly addNameRange     '1.5.3',
400 silly addNameRange     '1.6.1',
400 silly addNameRange     '1.6.2',
400 silly addNameRange     '1.7.0',
400 silly addNameRange     '1.8.0',
400 silly addNameRange     '1.8.1',
400 silly addNameRange     '1.8.2',
400 silly addNameRange     '1.8.3',
400 silly addNameRange     '1.8.4',
400 silly addNameRange     '1.9.0',
400 silly addNameRange     '2.0.0',
400 silly addNameRange     '2.0.1',
400 silly addNameRange     '2.0.2',
400 silly addNameRange     '2.0.3',
400 silly addNameRange     '2.0.4',
400 silly addNameRange     '2.0.5',
400 silly addNameRange     '2.0.6',
400 silly addNameRange     '2.0.7',
400 silly addNameRange     '2.0.8' ] ]
401 silly addNamed nan@2.0.8
402 verbose addNamed "2.0.8" is a plain semver version for nan
403 silly mapToRegistry name nan
404 silly mapToRegistry using default registry
405 silly mapToRegistry registry https://registry.npmjs.org/
406 silly mapToRegistry uri https://registry.npmjs.org/nan
407 verbose addRemoteTarball https://registry.npmjs.org/nan/-/nan-2.0.8.tgz not in flight; adding
408 verbose addRemoteTarball [ 'https://registry.npmjs.org/nan/-/nan-2.0.8.tgz',
408 verbose addRemoteTarball   'c15fd99dd4cc323d1c2f94ac426313680e606392' ]
409 info retry fetch attempt 1 at 5:18:52 PM
410 info attempt registry request try #1 at 5:18:52 PM
411 http fetch GET https://registry.npmjs.org/nan/-/nan-2.0.8.tgz
412 http fetch 200 https://registry.npmjs.org/bindings/-/bindings-1.1.1.tgz
413 silly fetchAndShaCheck shasum 951f7ae010302ffc50b265b124032017ed2bf6f3
414 verbose addTmpTarball /tmp/npm-48-2e71fa59/registry.npmjs.org/bindings/-/bindings-1.1.1.tgz not in flight; adding
415 verbose addTmpTarball already have metadata; skipping unpack for bindings@1.1.1
416 silly cache afterAdd bindings@1.1.1
417 verbose afterAdd /root/.npm/bindings/1.1.1/package/package.json not in flight; writing
418 verbose afterAdd /root/.npm/bindings/1.1.1/package/package.json written
419 http fetch 200 https://registry.npmjs.org/nan/-/nan-2.0.8.tgz
420 silly fetchAndShaCheck shasum c15fd99dd4cc323d1c2f94ac426313680e606392
421 verbose addTmpTarball /tmp/npm-48-2e71fa59/registry.npmjs.org/nan/-/nan-2.0.8.tgz not in flight; adding
422 verbose addTmpTarball already have metadata; skipping unpack for nan@2.0.8
423 silly cache afterAdd nan@2.0.8
424 verbose afterAdd /root/.npm/nan/2.0.8/package/package.json not in flight; writing
425 verbose afterAdd /root/.npm/nan/2.0.8/package/package.json written
426 silly install resolved [ { name: 'bindings',
426 silly install resolved     description: 'Helper module for loading your native module\'s .node file',
426 silly install resolved     keywords: [ 'native', 'addon', 'bindings', 'gyp', 'waf', 'c', 'c++' ],
426 silly install resolved     version: '1.1.1',
426 silly install resolved     author:
426 silly install resolved      { name: 'Nathan Rajlich',
426 silly install resolved        email: 'nathan@tootallnate.net',
426 silly install resolved        url: 'http://tootallnate.net' },
426 silly install resolved     repository:
426 silly install resolved      { type: 'git',
426 silly install resolved        url: 'git://github.com/TooTallNate/node-bindings.git' },
426 silly install resolved     main: './bindings.js',
426 silly install resolved     bugs: { url: 'https://github.com/TooTallNate/node-bindings/issues' },
426 silly install resolved     _id: 'bindings@1.1.1',
426 silly install resolved     dist:
426 silly install resolved      { shasum: '951f7ae010302ffc50b265b124032017ed2bf6f3',
426 silly install resolved        tarball: 'http://registry.npmjs.org/bindings/-/bindings-1.1.1.tgz' },
426 silly install resolved     _from: 'bindings@>=1.1.1 <1.2.0',
426 silly install resolved     _npmVersion: '1.3.2',
426 silly install resolved     _npmUser: { name: 'tootallnate', email: 'nathan@tootallnate.net' },
426 silly install resolved     maintainers: [ [Object], [Object] ],
426 silly install resolved     directories: {},
426 silly install resolved     _shasum: '951f7ae010302ffc50b265b124032017ed2bf6f3',
426 silly install resolved     _resolved: 'https://registry.npmjs.org/bindings/-/bindings-1.1.1.tgz' },
426 silly install resolved   { name: 'nan',
426 silly install resolved     version: '2.0.8',
426 silly install resolved     description: 'Native Abstractions for Node.js: C++ header for Node 0.8->0.12 compatibility',
426 silly install resolved     main: 'include_dirs.js',
426 silly install resolved     repository: { type: 'git', url: 'git://github.com/nodejs/nan.git' },
426 silly install resolved     scripts:
426 silly install resolved      { test: 'tap --gc test/js/*-test.js',
426 silly install resolved        'rebuild-tests': 'pangyp rebuild --msvs_version=2013 --directory test',
426 silly install resolved        docs: 'doc/.build.sh' },
426 silly install resolved     contributors:
426 silly install resolved      [ [Object],
426 silly install resolved        [Object],
426 silly install resolved        [Object],
426 silly install resolved        [Object],
426 silly install resolved        [Object],
426 silly install resolved        [Object],
426 silly install resolved        [Object] ],
426 silly install resolved     devDependencies:
426 silly install resolved      { bindings: '~1.2.1',
426 silly install resolved        commander: '^2.8.1',
426 silly install resolved        glob: '^5.0.14',
426 silly install resolved        'node-gyp': '~2.0.2',
426 silly install resolved        pangyp: '~2.2.0',
426 silly install resolved        tap: '~0.7.1',
426 silly install resolved        xtend: '~4.0.0' },
426 silly install resolved     license: 'MIT',
426 silly install resolved     gitHead: '505803bbd83dbd43c06e179b78b690e52e17d317',
426 silly install resolved     bugs: { url: 'https://github.com/nodejs/nan/issues' },
426 silly install resolved     homepage: 'https://github.com/nodejs/nan#readme',
426 silly install resolved     _id: 'nan@2.0.8',
426 silly install resolved     _shasum: 'c15fd99dd4cc323d1c2f94ac426313680e606392',
426 silly install resolved     _from: 'nan@>=2.0.8 <2.1.0',
426 silly install resolved     _npmVersion: '2.13.3',
426 silly install resolved     _nodeVersion: '3.2.0',
426 silly install resolved     _npmUser: { name: 'kkoopa', email: 'bbyholm@abo.fi' },
426 silly install resolved     maintainers: [ [Object], [Object] ],
426 silly install resolved     dist:
426 silly install resolved      { shasum: 'c15fd99dd4cc323d1c2f94ac426313680e606392',
426 silly install resolved        tarball: 'http://registry.npmjs.org/nan/-/nan-2.0.8.tgz' },
426 silly install resolved     directories: {},
426 silly install resolved     _resolved: 'https://registry.npmjs.org/nan/-/nan-2.0.8.tgz' } ]
427 info install bindings@1.1.1 into /home/cityscan/node_modules/winston-syslog/node_modules/unix-dgram
428 info install nan@2.0.8 into /home/cityscan/node_modules/winston-syslog/node_modules/unix-dgram
429 info installOne bindings@1.1.1
430 verbose installOne of bindings to /home/cityscan/node_modules/winston-syslog/node_modules/unix-dgram not in flight; installing
431 info installOne nan@2.0.8
432 verbose installOne of nan to /home/cityscan/node_modules/winston-syslog/node_modules/unix-dgram not in flight; installing
433 verbose lock using /root/.npm/_locks/bindings-4902367ebbdb692d.lock for /home/cityscan/node_modules/winston-syslog/node_modules/unix-dgram/node_modules/bindings
434 verbose lock using /root/.npm/_locks/nan-780ec52e3db16ec3.lock for /home/cityscan/node_modules/winston-syslog/node_modules/unix-dgram/node_modules/nan
435 silly install write writing bindings 1.1.1 to /home/cityscan/node_modules/winston-syslog/node_modules/unix-dgram/node_modules/bindings
436 silly install write writing nan 2.0.8 to /home/cityscan/node_modules/winston-syslog/node_modules/unix-dgram/node_modules/nan
437 verbose unbuild node_modules/winston-syslog/node_modules/unix-dgram/node_modules/bindings
438 verbose unbuild node_modules/winston-syslog/node_modules/unix-dgram/node_modules/nan
439 silly gentlyRm /home/cityscan/node_modules/winston-syslog/node_modules/unix-dgram/node_modules/bindings is being purged from base /home/cityscan
440 verbose gentlyRm don't care about contents; nuking /home/cityscan/node_modules/winston-syslog/node_modules/unix-dgram/node_modules/bindings
441 silly gentlyRm /home/cityscan/node_modules/winston-syslog/node_modules/unix-dgram/node_modules/nan is being purged from base /home/cityscan
442 verbose gentlyRm don't care about contents; nuking /home/cityscan/node_modules/winston-syslog/node_modules/unix-dgram/node_modules/nan
443 verbose tar unpack /root/.npm/bindings/1.1.1/package.tgz
444 verbose tar unpacking to /home/cityscan/node_modules/winston-syslog/node_modules/unix-dgram/node_modules/bindings
445 silly gentlyRm /home/cityscan/node_modules/winston-syslog/node_modules/unix-dgram/node_modules/bindings is being purged
446 verbose gentlyRm don't care about contents; nuking /home/cityscan/node_modules/winston-syslog/node_modules/unix-dgram/node_modules/bindings
447 verbose tar unpack /root/.npm/nan/2.0.8/package.tgz
448 verbose tar unpacking to /home/cityscan/node_modules/winston-syslog/node_modules/unix-dgram/node_modules/nan
449 silly gentlyRm /home/cityscan/node_modules/winston-syslog/node_modules/unix-dgram/node_modules/nan is being purged
450 verbose gentlyRm don't care about contents; nuking /home/cityscan/node_modules/winston-syslog/node_modules/unix-dgram/node_modules/nan
451 silly gunzTarPerm modes [ '755', '644' ]
452 silly gunzTarPerm modes [ '755', '644' ]
453 silly gunzTarPerm extractEntry package.json
454 silly gunzTarPerm extractEntry package.json
455 silly gunzTarPerm modified mode [ 'package.json', 436, 420 ]
456 silly gunzTarPerm extractEntry README.md
457 silly gunzTarPerm extractEntry bindings.js
458 silly gunzTarPerm extractEntry include_dirs.js
459 silly gunzTarPerm modified mode [ 'include_dirs.js', 436, 420 ]
460 silly gunzTarPerm extractEntry nan_converters.h
461 silly gunzTarPerm modified mode [ 'nan_converters.h', 436, 420 ]
462 silly gunzTarPerm extractEntry LICENSE.md
463 silly gunzTarPerm modified mode [ 'LICENSE.md', 436, 420 ]
464 silly gunzTarPerm extractEntry .dntrc
465 silly gunzTarPerm modified mode [ '.dntrc', 436, 420 ]
466 silly gunzTarPerm extractEntry appveyor.yml
467 silly gunzTarPerm modified mode [ 'appveyor.yml', 436, 420 ]
468 silly gunzTarPerm extractEntry doc/new.md
469 silly gunzTarPerm modified mode [ 'doc/new.md', 436, 420 ]
470 silly gunzTarPerm extractEntry doc/.build.sh
471 silly gunzTarPerm modified mode [ 'doc/.build.sh', 509, 493 ]
472 verbose write writing to /home/cityscan/node_modules/winston-syslog/node_modules/unix-dgram/node_modules/bindings/package.json
473 info preinstall bindings@1.1.1
474 silly gunzTarPerm extractEntry doc/buffers.md
475 silly gunzTarPerm modified mode [ 'doc/buffers.md', 436, 420 ]
476 silly gunzTarPerm extractEntry doc/callback.md
477 silly gunzTarPerm modified mode [ 'doc/callback.md', 436, 420 ]
478 verbose readDependencies loading dependencies from /home/cityscan/node_modules/winston-syslog/node_modules/unix-dgram/node_modules/bindings/package.json
479 silly gunzTarPerm extractEntry doc/converters.md
480 silly gunzTarPerm modified mode [ 'doc/converters.md', 436, 420 ]
481 silly gunzTarPerm extractEntry doc/errors.md
482 silly gunzTarPerm modified mode [ 'doc/errors.md', 436, 420 ]
483 verbose readDependencies loading dependencies from /home/cityscan/node_modules/winston-syslog/node_modules/unix-dgram/node_modules/bindings/package.json
484 silly install resolved []
485 verbose about to build /home/cityscan/node_modules/winston-syslog/node_modules/unix-dgram/node_modules/bindings
486 info build /home/cityscan/node_modules/winston-syslog/node_modules/unix-dgram/node_modules/bindings
487 silly gunzTarPerm extractEntry doc/maybe_types.md
488 silly gunzTarPerm modified mode [ 'doc/maybe_types.md', 436, 420 ]
489 silly gunzTarPerm extractEntry doc/methods.md
490 silly gunzTarPerm modified mode [ 'doc/methods.md', 436, 420 ]
491 info linkStuff bindings@1.1.1
492 silly linkStuff bindings@1.1.1 has /home/cityscan/node_modules/winston-syslog/node_modules/unix-dgram/node_modules as its parent node_modules
493 verbose linkBins bindings@1.1.1
494 verbose linkMans bindings@1.1.1
495 verbose rebuildBundles bindings@1.1.1
496 info install bindings@1.1.1
497 silly gunzTarPerm extractEntry doc/asyncworker.md
498 silly gunzTarPerm modified mode [ 'doc/asyncworker.md', 436, 420 ]
499 silly gunzTarPerm extractEntry doc/node_misc.md
500 silly gunzTarPerm modified mode [ 'doc/node_misc.md', 436, 420 ]
501 info postinstall bindings@1.1.1
502 verbose unlock done using /root/.npm/_locks/bindings-4902367ebbdb692d.lock for /home/cityscan/node_modules/winston-syslog/node_modules/unix-dgram/node_modules/bindings
503 silly gunzTarPerm extractEntry doc/persistent.md
504 silly gunzTarPerm modified mode [ 'doc/persistent.md', 436, 420 ]
505 silly gunzTarPerm extractEntry doc/scopes.md
506 silly gunzTarPerm modified mode [ 'doc/scopes.md', 436, 420 ]
507 silly gunzTarPerm extractEntry doc/script.md
508 silly gunzTarPerm modified mode [ 'doc/script.md', 436, 420 ]
509 silly gunzTarPerm extractEntry doc/string_bytes.md
510 silly gunzTarPerm modified mode [ 'doc/string_bytes.md', 436, 420 ]
511 silly gunzTarPerm extractEntry doc/v8_internals.md
512 silly gunzTarPerm modified mode [ 'doc/v8_internals.md', 436, 420 ]
513 silly gunzTarPerm extractEntry doc/v8_misc.md
514 silly gunzTarPerm modified mode [ 'doc/v8_misc.md', 436, 420 ]
515 silly gunzTarPerm extractEntry nan.h
516 silly gunzTarPerm modified mode [ 'nan.h', 436, 420 ]
517 silly gunzTarPerm extractEntry nan_callbacks.h
518 silly gunzTarPerm modified mode [ 'nan_callbacks.h', 436, 420 ]
519 silly gunzTarPerm extractEntry nan_callbacks_12_inl.h
520 silly gunzTarPerm modified mode [ 'nan_callbacks_12_inl.h', 436, 420 ]
521 silly gunzTarPerm extractEntry nan_callbacks_pre_12_inl.h
522 silly gunzTarPerm modified mode [ 'nan_callbacks_pre_12_inl.h', 436, 420 ]
523 silly gunzTarPerm extractEntry nan_converters_43_inl.h
524 silly gunzTarPerm modified mode [ 'nan_converters_43_inl.h', 436, 420 ]
525 silly gunzTarPerm extractEntry nan_converters_pre_43_inl.h
526 silly gunzTarPerm modified mode [ 'nan_converters_pre_43_inl.h', 436, 420 ]
527 silly gunzTarPerm extractEntry nan_implementation_12_inl.h
528 silly gunzTarPerm modified mode [ 'nan_implementation_12_inl.h', 436, 420 ]
529 silly gunzTarPerm extractEntry nan_implementation_pre_12_inl.h
530 silly gunzTarPerm modified mode [ 'nan_implementation_pre_12_inl.h', 436, 420 ]
531 silly gunzTarPerm extractEntry nan_maybe_43_inl.h
532 silly gunzTarPerm modified mode [ 'nan_maybe_43_inl.h', 436, 420 ]
533 silly gunzTarPerm extractEntry nan_maybe_pre_43_inl.h
534 silly gunzTarPerm modified mode [ 'nan_maybe_pre_43_inl.h', 436, 420 ]
535 silly gunzTarPerm extractEntry nan_new.h
536 silly gunzTarPerm modified mode [ 'nan_new.h', 436, 420 ]
537 silly gunzTarPerm extractEntry nan_object_wrap.h
538 silly gunzTarPerm modified mode [ 'nan_object_wrap.h', 436, 420 ]
539 silly gunzTarPerm extractEntry nan_persistent_12_inl.h
540 silly gunzTarPerm modified mode [ 'nan_persistent_12_inl.h', 436, 420 ]
541 silly gunzTarPerm extractEntry nan_persistent_pre_12_inl.h
542 silly gunzTarPerm modified mode [ 'nan_persistent_pre_12_inl.h', 436, 420 ]
543 silly gunzTarPerm extractEntry nan_string_bytes.h
544 silly gunzTarPerm modified mode [ 'nan_string_bytes.h', 436, 420 ]
545 silly gunzTarPerm extractEntry nan_weak.h
546 silly gunzTarPerm modified mode [ 'nan_weak.h', 436, 420 ]
547 silly gunzTarPerm extractEntry CHANGELOG.md
548 silly gunzTarPerm modified mode [ 'CHANGELOG.md', 436, 420 ]
549 silly gunzTarPerm extractEntry tools/package.json
550 silly gunzTarPerm modified mode [ 'tools/package.json', 436, 420 ]
551 silly gunzTarPerm extractEntry tools/README.md
552 silly gunzTarPerm modified mode [ 'tools/README.md', 436, 420 ]
553 silly gunzTarPerm extractEntry tools/1to2.js
554 silly gunzTarPerm modified mode [ 'tools/1to2.js', 509, 493 ]
555 verbose write writing to /home/cityscan/node_modules/winston-syslog/node_modules/unix-dgram/node_modules/nan/package.json
556 info preinstall nan@2.0.8
557 verbose readDependencies loading dependencies from /home/cityscan/node_modules/winston-syslog/node_modules/unix-dgram/node_modules/nan/package.json
558 verbose readDependencies loading dependencies from /home/cityscan/node_modules/winston-syslog/node_modules/unix-dgram/node_modules/nan/package.json
559 silly install resolved []
560 verbose about to build /home/cityscan/node_modules/winston-syslog/node_modules/unix-dgram/node_modules/nan
561 info build /home/cityscan/node_modules/winston-syslog/node_modules/unix-dgram/node_modules/nan
562 info linkStuff nan@2.0.8
563 silly linkStuff nan@2.0.8 has /home/cityscan/node_modules/winston-syslog/node_modules/unix-dgram/node_modules as its parent node_modules
564 verbose linkBins nan@2.0.8
565 verbose linkMans nan@2.0.8
566 verbose rebuildBundles nan@2.0.8
567 info install nan@2.0.8
568 info postinstall nan@2.0.8
569 verbose unlock done using /root/.npm/_locks/nan-780ec52e3db16ec3.lock for /home/cityscan/node_modules/winston-syslog/node_modules/unix-dgram/node_modules/nan
570 verbose about to build /home/cityscan/node_modules/winston-syslog/node_modules/unix-dgram
571 info build /home/cityscan/node_modules/winston-syslog/node_modules/unix-dgram
572 info linkStuff unix-dgram@0.2.2
573 silly linkStuff unix-dgram@0.2.2 has /home/cityscan/node_modules/winston-syslog/node_modules as its parent node_modules
574 verbose linkBins unix-dgram@0.2.2
575 verbose linkMans unix-dgram@0.2.2
576 verbose rebuildBundles unix-dgram@0.2.2
577 verbose rebuildBundles [ 'bindings', 'nan' ]
578 info install unix-dgram@0.2.2
579 verbose unsafe-perm in lifecycle false
580 info unix-dgram@0.2.2 Failed to exec install script
581 verbose unlock done using /root/.npm/_locks/unix-dgram-e3225225609a5a79.lock for /home/cityscan/node_modules/winston-syslog/node_modules/unix-dgram
582 verbose about to build /home/cityscan/node_modules/winston-syslog
583 verbose unlock done using /root/.npm/_locks/winston-syslog-f661131c022698c6.lock for /home/cityscan/node_modules/winston-syslog
584 verbose stack Error: unix-dgram@0.2.2 install: `node-gyp rebuild`
584 verbose stack Exit status 1
584 verbose stack     at EventEmitter.<anonymous> (/usr/local/lib/node_modules/npm/lib/utils/lifecycle.js:213:16)
584 verbose stack     at EventEmitter.emit (events.js:110:17)
584 verbose stack     at ChildProcess.<anonymous> (/usr/local/lib/node_modules/npm/lib/utils/spawn.js:24:14)
584 verbose stack     at ChildProcess.emit (events.js:110:17)
584 verbose stack     at maybeClose (child_process.js:1015:16)
584 verbose stack     at Process.ChildProcess._handle.onexit (child_process.js:1087:5)
585 verbose pkgid unix-dgram@0.2.2
586 verbose cwd /home/cityscan
587 error Linux 4.0.3-boot2docker
588 error argv "node" "/usr/local/bin/npm" "install"
589 error node v0.12.7
590 error npm  v2.11.3
591 error code ELIFECYCLE
592 error unix-dgram@0.2.2 install: `node-gyp rebuild`
592 error Exit status 1
593 error Failed at the unix-dgram@0.2.2 install script 'node-gyp rebuild'.
593 error This is most likely a problem with the unix-dgram package,
593 error not with npm itself.
593 error Tell the author that this fails on your system:
593 error     node-gyp rebuild
593 error You can get their info via:
593 error     npm owner ls unix-dgram
593 error There is likely additional logging output above.
594 verbose exit [ 1, true ]
595 verbose unbuild node_modules/winston-syslog/node_modules/unix-dgram
596 info preuninstall unix-dgram@0.2.2
597 info uninstall unix-dgram@0.2.2
598 verbose unbuild rmStuff unix-dgram@0.2.2 from /home/cityscan/node_modules
599 verbose unbuild rmStuff in /home/cityscan/node_modules/winston-syslog/node_modules
600 info postuninstall unix-dgram@0.2.2
601 silly gentlyRm /home/cityscan/node_modules/winston-syslog/node_modules/unix-dgram is being purged from base /home/cityscan
602 verbose gentlyRm don't care about contents; nuking /home/cityscan/node_modules/winston-syslog/node_modules/unix-dgram
603 silly vacuum-fs purging /home/cityscan/node_modules/winston-syslog/node_modules/unix-dgram
604 silly vacuum-fs quitting because other entries in /home/cityscan/node_modules/winston-syslog/node_modules
605 verbose unbuild node_modules/winston-syslog
606 info preuninstall winston-syslog@1.1.1
607 info uninstall winston-syslog@1.1.1
608 verbose unbuild rmStuff winston-syslog@1.1.1 from /home/cityscan/node_modules
609 info postuninstall winston-syslog@1.1.1
610 silly gentlyRm /home/cityscan/node_modules/winston-syslog is being purged from base /home/cityscan
611 verbose gentlyRm don't care about contents; nuking /home/cityscan/node_modules/winston-syslog
612 silly vacuum-fs purging /home/cityscan/node_modules/winston-syslog
613 silly vacuum-fs quitting because other entries in /home/cityscan/node_modules
